<?xml version="1.0" encoding="UTF-8"?>
<!-- Generated by org.testng.reporters.JUnitReportReporter -->
<testsuite hostname="LAPTOP-64ROHMK1" failures="0" tests="1" name="eCommersProject.V" time="0.007" errors="0" timestamp="2023-08-01T14:14:16 IST" skipped="0">
  <testcase classname="eCommersProject.V" name="l" time="0.007"/>
  <system-out/>
</testsuite> <!-- eCommersProject.V -->
