<?xml version="1.0" encoding="UTF-8"?>
<!-- Generated by org.testng.reporters.JUnitReportReporter -->
<testsuite hostname="LAPTOP-64ROHMK1" failures="0" tests="1" name="eCommersProject.FlipKart" time="7.227" errors="0" timestamp="2023-07-31T02:58:47 IST" skipped="0">
  <testcase classname="eCommersProject.FlipKart" name="flipkartTest" time="7.227"/>
  <system-out>
    <![CDATA[opening flipkart]]>
  </system-out>
</testsuite> <!-- eCommersProject.FlipKart -->
