<?xml version="1.0" encoding="UTF-8"?>
<!-- Generated by org.testng.reporters.JUnitReportReporter -->
<testsuite hostname="LAPTOP-L510J90J" failures="0" tests="1" name="eCommersProject.Amazon" time="33.920" errors="0" timestamp="2023-07-27T01:47:49 PDT" skipped="0">
  <testcase classname="eCommersProject.Amazon" name="azmazontest" time="33.920"/>
  <system-out>
    <![CDATA[opening amzon]]>
  </system-out>
</testsuite> <!-- eCommersProject.Amazon -->
