<?xml version="1.0" encoding="UTF-8"?>
<!-- Generated by org.testng.reporters.JUnitReportReporter -->
<testsuite hostname="LAPTOP-64ROHMK1" failures="0" tests="1" name="eCommersProject.Meesho" time="7.246" errors="0" timestamp="2023-07-31T13:38:49 IST" skipped="0">
  <testcase classname="eCommersProject.Meesho" name="meesh" time="7.246"/>
  <system-out>
    <![CDATA[opening meesho]]>
  </system-out>
</testsuite> <!-- eCommersProject.Meesho -->
