<?xml version="1.0" encoding="UTF-8"?>
<!-- Generated by org.testng.reporters.JUnitReportReporter -->
<testsuite hostname="LAPTOP-64ROHMK1" failures="0" tests="1" name="eCommersProject.TimePAsss" time="28.741" errors="0" timestamp="2023-08-01T14:07:43 IST" skipped="0">
  <testcase classname="eCommersProject.TimePAsss" name="aCSM" time="28.741"/>
  <system-out/>
</testsuite> <!-- eCommersProject.TimePAsss -->
