<?xml version="1.0" encoding="UTF-8"?>
<!-- Generated by org.testng.reporters.JUnitReportReporter -->
<testsuite hostname="LAPTOP-64ROHMK1" failures="0" tests="1" name="eCommersProject.Myntra" time="48.333" errors="0" timestamp="2023-07-31T10:42:17 IST" skipped="0">
  <testcase classname="eCommersProject.Myntra" name="myn" time="48.333"/>
  <system-out>
    <![CDATA[opening myntra]]>
  </system-out>
</testsuite> <!-- eCommersProject.Myntra -->
