<?xml version="1.0" encoding="UTF-8"?>
<!-- Generated by org.testng.reporters.JUnitReportReporter -->
<testsuite hostname="LAPTOP-64ROHMK1" failures="0" tests="1" name="eCommersProject.ChandurkarProjectClass" time="5.792" errors="0" timestamp="2023-07-31T03:19:58 IST" skipped="0">
  <testcase classname="eCommersProject.ChandurkarProjectClass" name="M" time="5.792"/>
  <system-out>
    <![CDATA[opening flipkart]]>
  </system-out>
</testsuite> <!-- eCommersProject.ChandurkarProjectClass -->
